<?xml version="1.0" encoding="UTF-8"?>
<!-- Generated by org.testng.reporters.JUnitXMLReporter -->
<testsuite ignored="0" hostname="PROJITA_KAR" failures="1" tests="1" name="FirefoxTest" time="138.347" errors="0" timestamp="2026-03-28T12:47:46 IST">
  <testcase classname="io.cucumber.testng.AbstractTestNGCucumberTests" name="runScenario" time="100.382">
    <failure type="org.openqa.selenium.WebDriverException" message="Failed to decode response from marionette
Build info: version: &amp;apos;4.39.0&amp;apos;, revision: &amp;apos;126f156aee&amp;apos;
System info: os.name: &amp;apos;Windows 11&amp;apos;, os.arch: &amp;apos;amd64&amp;apos;, os.version: &amp;apos;10.0&amp;apos;, java.version: &amp;apos;25.0.2&amp;apos;
Driver info: org.openqa.selenium.firefox.FirefoxDriver
Command: [75402309-3731-4068-b1b5-20df69941632, findElement {using=xpath, value=//div[@id=&amp;apos;propertyFacing&amp;apos;]//div[text()=&amp;apos;Select&amp;apos;]}]
Capabilities {acceptInsecureCerts: true, browserName: firefox, browserVersion: 149.0, moz:accessibilityChecks: false, moz:buildID: 20260318190823, moz:geckodriverVersion: 0.36.0, moz:headless: false, moz:platformVersion: 10.0, moz:processID: 27732, moz:profile: C:\Users\proji\AppData\Loca..., moz:shutdownTimeout: 60000, moz:webdriverClick: true, moz:windowless: false, pageLoadStrategy: normal, platformName: windows, proxy: Proxy(), setWindowRect: true, strictFileInteractability: false, timeouts: {implicit: 0, pageLoad: 300000, script: 30000}, unhandledPromptBehavior: dismiss and notify, userAgent: Mozilla/5.0 (Windows NT 10....}
Session ID: 75402309-3731-4068-b1b5-20df69941632">
      <![CDATA[org.openqa.selenium.WebDriverException: Failed to decode response from marionette
Build info: version: '4.39.0', revision: '126f156aee'
System info: os.name: 'Windows 11', os.arch: 'amd64', os.version: '10.0', java.version: '25.0.2'
Driver info: org.openqa.selenium.firefox.FirefoxDriver
Command: [75402309-3731-4068-b1b5-20df69941632, findElement {using=xpath, value=//div[@id='propertyFacing']//div[text()='Select']}]
Capabilities {acceptInsecureCerts: true, browserName: firefox, browserVersion: 149.0, moz:accessibilityChecks: false, moz:buildID: 20260318190823, moz:geckodriverVersion: 0.36.0, moz:headless: false, moz:platformVersion: 10.0, moz:processID: 27732, moz:profile: C:\Users\proji\AppData\Loca..., moz:shutdownTimeout: 60000, moz:webdriverClick: true, moz:windowless: false, pageLoadStrategy: normal, platformName: windows, proxy: Proxy(), setWindowRect: true, strictFileInteractability: false, timeouts: {implicit: 0, pageLoad: 300000, script: 30000}, unhandledPromptBehavior: dismiss and notify, userAgent: Mozilla/5.0 (Windows NT 10....}
Session ID: 75402309-3731-4068-b1b5-20df69941632
at org.openqa.selenium.remote.ErrorCodec.decode(ErrorCodec.java:167)
at org.openqa.selenium.remote.codec.w3c.W3CHttpResponseCodec.decode(W3CHttpResponseCodec.java:142)
at org.openqa.selenium.remote.codec.w3c.W3CHttpResponseCodec.decode(W3CHttpResponseCodec.java:49)
at org.openqa.selenium.remote.HttpCommandExecutor.execute(HttpCommandExecutor.java:215)
at org.openqa.selenium.remote.service.DriverCommandExecutor.invokeExecute(DriverCommandExecutor.java:216)
at org.openqa.selenium.remote.service.DriverCommandExecutor.execute(DriverCommandExecutor.java:174)
at org.openqa.selenium.remote.RemoteWebDriver.execute(RemoteWebDriver.java:561)
at org.openqa.selenium.remote.ElementLocation$ElementFinder$2.findElement(ElementLocation.java:166)
at org.openqa.selenium.remote.ElementLocation.findElement(ElementLocation.java:60)
at org.openqa.selenium.remote.RemoteWebDriver.findElement(RemoteWebDriver.java:384)
at org.openqa.selenium.remote.RemoteWebDriver.findElement(RemoteWebDriver.java:378)
at org.openqa.selenium.support.pagefactory.DefaultElementLocator.findElement(DefaultElementLocator.java:68)
at org.openqa.selenium.support.pagefactory.internal.LocatingElementHandler.invoke(LocatingElementHandler.java:38)
at jdk.proxy2/jdk.proxy2.$Proxy25.isDisplayed(Unknown Source)
at org.openqa.selenium.support.ui.ExpectedConditions.elementIfVisible(ExpectedConditions.java:308)
at org.openqa.selenium.support.ui.ExpectedConditions$10.apply(ExpectedConditions.java:294)
at org.openqa.selenium.support.ui.ExpectedConditions$10.apply(ExpectedConditions.java:291)
at org.openqa.selenium.support.ui.ExpectedConditions$23.apply(ExpectedConditions.java:662)
at org.openqa.selenium.support.ui.ExpectedConditions$23.apply(ExpectedConditions.java:658)
at org.openqa.selenium.support.ui.FluentWait.until(FluentWait.java:203)
at pageObjects.PostYourProperty.PropertyDetailsPage.waitForClick(PropertyDetailsPage.java:78)
at pageObjects.PostYourProperty.PropertyDetailsPage.selectFacing(PropertyDetailsPage.java:161)
at pageObjects.PostYourProperty.PropertyDetailsPage.fillPropertyDetails(PropertyDetailsPage.java:197)
at stepDefinitions.postYourProperty.CommonSteps.user_on_page(CommonSteps.java:128)
at ✽.the user is on the "Rental Details" page(file:///C:/Users/proji/Downloads/Projects/Capgemini_Sprint_NoBroker/Automation_Testing/NoBroker_BDD_Framework/src/test/resources/FeatureFiles/PostYourProperty/PostYourProperty.feature:100)
... Removed 3 stack frames]]>
    </failure>
  </testcase> <!-- runScenario -->
</testsuite> <!-- FirefoxTest -->
