<?xml version="1.0" encoding="UTF-8"?>
<!-- Generated by org.testng.reporters.JUnitReportReporter -->
<testsuite hostname="LAPTOP-CQG624QN" failures="0" tests="6" name="runners.SearchFilter_TestRunner" time="87.416" errors="0" timestamp="2026-03-27T15:57:12 IST" skipped="0">
  <testcase classname="runners.SearchFilter_TestRunner" name="runScenario" time="18.423"/>
  <testcase classname="runners.SearchFilter_TestRunner" name="runScenario" time="21.757"/>
  <testcase classname="runners.SearchFilter_TestRunner" name="runScenario" time="15.072"/>
  <testcase classname="runners.SearchFilter_TestRunner" name="runScenario" time="7.006"/>
  <testcase classname="runners.SearchFilter_TestRunner" name="runScenario" time="17.384"/>
  <testcase classname="runners.SearchFilter_TestRunner" name="runScenario" time="7.774"/>
</testsuite> <!-- runners.SearchFilter_TestRunner -->
