<?xml version="1.0" encoding="UTF-8"?>
<!-- Generated by org.testng.reporters.JUnitReportReporter -->
<testsuite hostname="DESKTOP-5GR7LMU" failures="2" tests="4" name="runners.EPC_TestRunner" time="180.997" errors="0" timestamp="2026-03-28T10:05:22 IST" skipped="0">
  <testcase classname="runners.EPC_TestRunner" name="runScenario" time="37.100"/>
  <testcase classname="runners.EPC_TestRunner" name="runScenario" time="51.407"/>
  <testcase classname="runners.EPC_TestRunner" name="runScenario" time="48.234">
    <failure message="expected [true] but found [false]" type="java.lang.AssertionError">
      <![CDATA[java.lang.AssertionError: expected [true] but found [false]
at org.testng.Assert.fail(Assert.java:111)
at org.testng.Assert.failNotEquals(Assert.java:1590)
at org.testng.Assert.assertTrue(Assert.java:57)
at org.testng.Assert.assertTrue(Assert.java:67)
at stepDefinitions.EPC_StepDefinition.address_page_should_be_displayed_with_location_search_bar(EPC_StepDefinition.java:142)
at ✽.Address page should be displayed with location search bar(file:///C:/Users/SOURYA/Desktop/CAPG%20SPRINT/NoBroker_QA/Automation_Testing/NoBroker_BDD_Framework/src/test/resources/FeatureFiles/EPC.feature:30)
]]>
    </failure>
  </testcase> <!-- runScenario -->
  <testcase classname="runners.EPC_TestRunner" name="runScenario" time="44.256">
    <failure message="expected [true] but found [false]" type="java.lang.AssertionError">
      <![CDATA[java.lang.AssertionError: expected [true] but found [false]
at org.testng.Assert.fail(Assert.java:111)
at org.testng.Assert.failNotEquals(Assert.java:1590)
at org.testng.Assert.assertTrue(Assert.java:57)
at org.testng.Assert.assertTrue(Assert.java:67)
at stepDefinitions.EPC_StepDefinition.address_page_should_be_displayed_with_location_search_bar(EPC_StepDefinition.java:142)
at ✽.Address page should be displayed with location search bar(file:///C:/Users/SOURYA/Desktop/CAPG%20SPRINT/NoBroker_QA/Automation_Testing/NoBroker_BDD_Framework/src/test/resources/FeatureFiles/EPC.feature:30)
]]>
    </failure>
  </testcase> <!-- runScenario -->
</testsuite> <!-- runners.EPC_TestRunner -->
