<?xml version="1.0" encoding="UTF-8"?>
<!-- Generated by org.testng.reporters.JUnitReportReporter -->
<testsuite hostname="LAPTOP-CQG624QN" failures="0" tests="6" name="runners.SearchFilter_TestRunner" time="89.391" errors="0" timestamp="2026-03-28T15:31:44 IST" skipped="0">
  <testcase classname="runners.SearchFilter_TestRunner" name="runScenario" time="24.190"/>
  <testcase classname="runners.SearchFilter_TestRunner" name="runScenario" time="21.706"/>
  <testcase classname="runners.SearchFilter_TestRunner" name="runScenario" time="16.790"/>
  <testcase classname="runners.SearchFilter_TestRunner" name="runScenario" time="3.320"/>
  <testcase classname="runners.SearchFilter_TestRunner" name="runScenario" time="6.651"/>
  <testcase classname="runners.SearchFilter_TestRunner" name="runScenario" time="16.734"/>
</testsuite> <!-- runners.SearchFilter_TestRunner -->
