<?xml version="1.0" encoding="UTF-8"?>
<!-- Generated by org.testng.reporters.JUnitReportReporter -->
<testsuite hostname="DESKTOP-5GR7LMU" failures="0" tests="4" name="runners.EPC_TestRunner" time="262.723" errors="0" timestamp="2026-03-27T15:33:06 IST" skipped="0">
  <testcase classname="runners.EPC_TestRunner" name="runScenario" time="92.188"/>
  <testcase classname="runners.EPC_TestRunner" name="runScenario" time="89.311"/>
  <testcase classname="runners.EPC_TestRunner" name="runScenario" time="30.446"/>
  <testcase classname="runners.EPC_TestRunner" name="runScenario" time="50.778"/>
</testsuite> <!-- runners.EPC_TestRunner -->
