<?xml version="1.0" encoding="UTF-8"?>
<!-- Generated by org.testng.reporters.JUnitXMLReporter -->
<testsuite ignored="0" hostname="PROJITA_KAR" failures="1" tests="2" name="Default test" time="0.798" errors="0" timestamp="2026-03-28T11:55:19 IST">
  <testcase classname="io.cucumber.testng.AbstractTestNGCucumberTests" name="runScenario" time="0.126"/>
  <testcase classname="io.cucumber.testng.AbstractTestNGCucumberTests" name="runScenario" time="0.098">
    <failure type="io.cucumber.testng.UndefinedStepException" message="The step &amp;apos;the user selects &amp;quot;Mumbai&amp;quot; as City and &amp;quot;Andheri West&amp;quot; as Locality&amp;apos; and 5 other step(s) are undefined.
You can implement these steps using the snippet(s) below:

@When(&amp;quot;the user selects {string} as City and {string} as Locality&amp;quot;)
public void the_user_selects_as_city_and_as_locality(String string, String string2) {
    // Write code here that turns the phrase above into concrete actions
    throw new io.cucumber.java.PendingException();
}
@When(&amp;quot;the user enters {string} in the Landmark field&amp;quot;)
public void the_user_enters_in_the_landmark_field(String string) {
    // Write code here that turns the phrase above into concrete actions
    throw new io.cucumber.java.PendingException();
}
@When(&amp;quot;the user sets Bathroom count to {string} and Balcony count to {string}&amp;quot;)
public void the_user_sets_bathroom_count_to_and_balcony_count_to(String string, String string2) {
    // Write code here that turns the phrase above into concrete actions
    throw new io.cucumber.java.PendingException();
}
@When(&amp;quot;the user selects {string} as Water Supply and sets {string}, {string}, {string} and {string} to Yes&amp;quot;)
public void the_user_selects_as_water_supply_and_sets_and_to_yes(String string, String string2, String string3, String string4, String string5) {
    // Write code here that turns the phrase above into concrete actions
    throw new io.cucumber.java.PendingException();
}
@When(&amp;quot;the user selects {string} for {string} and {string} as Property Condition&amp;quot;)
public void the_user_selects_for_and_as_property_condition(String string, String string2, String string3) {
    // Write code here that turns the phrase above into concrete actions
    throw new io.cucumber.java.PendingException();
}
@When(&amp;quot;the user selects amenities {string} and {string}&amp;quot;)
public void the_user_selects_amenities_and(String string, String string2) {
    // Write code here that turns the phrase above into concrete actions
    throw new io.cucumber.java.PendingException();
}
">
      <![CDATA[io.cucumber.testng.UndefinedStepException: The step 'the user selects "Mumbai" as City and "Andheri West" as Locality' and 5 other step(s) are undefined.
You can implement these steps using the snippet(s) below:

@When("the user selects {string} as City and {string} as Locality")
public void the_user_selects_as_city_and_as_locality(String string, String string2) {
    // Write code here that turns the phrase above into concrete actions
    throw new io.cucumber.java.PendingException();
}
@When("the user enters {string} in the Landmark field")
public void the_user_enters_in_the_landmark_field(String string) {
    // Write code here that turns the phrase above into concrete actions
    throw new io.cucumber.java.PendingException();
}
@When("the user sets Bathroom count to {string} and Balcony count to {string}")
public void the_user_sets_bathroom_count_to_and_balcony_count_to(String string, String string2) {
    // Write code here that turns the phrase above into concrete actions
    throw new io.cucumber.java.PendingException();
}
@When("the user selects {string} as Water Supply and sets {string}, {string}, {string} and {string} to Yes")
public void the_user_selects_as_water_supply_and_sets_and_to_yes(String string, String string2, String string3, String string4, String string5) {
    // Write code here that turns the phrase above into concrete actions
    throw new io.cucumber.java.PendingException();
}
@When("the user selects {string} for {string} and {string} as Property Condition")
public void the_user_selects_for_and_as_property_condition(String string, String string2, String string3) {
    // Write code here that turns the phrase above into concrete actions
    throw new io.cucumber.java.PendingException();
}
@When("the user selects amenities {string} and {string}")
public void the_user_selects_amenities_and(String string, String string2) {
    // Write code here that turns the phrase above into concrete actions
    throw new io.cucumber.java.PendingException();
}

at ✽.the user selects "Mumbai" as City and "Andheri West" as Locality(file:///C:/Users/proji/Downloads/Projects/Capgemini_Sprint_NoBroker/Automation_Testing/NoBroker_BDD_Framework/src/test/resources/FeatureFiles/PostYourProperty/PostYourProperty.feature:126)
]]>
    </failure>
  </testcase> <!-- runScenario -->
</testsuite> <!-- Default test -->
